<!DOCTYPE html>

<html>
  <head>
  <meta charset='utf-8'>
  <title>TestNG reports</title>

    <link type="text/css" href="testng-reports1.css" rel="stylesheet" id="ultra" />
    <link type="text/css" href="testng-reports.css" rel="stylesheet" id="retro" disabled="false"/>
    <script type="text/javascript" src="jquery-3.6.0.min.js"></script>
    <script type="text/javascript" src="testng-reports.js"></script>
    <script type="text/javascript" src="https://www.google.com/jsapi"></script>
    <script type='text/javascript'>
      google.load('visualization', '1', {packages:['table']});
      google.setOnLoadCallback(drawTable);
      var suiteTableInitFunctions = new Array();
      var suiteTableData = new Array();
    </script>
    <!--
      <script type="text/javascript" src="jquery-ui/js/jquery-ui-1.8.16.custom.min.js"></script>
     -->
  </head>

  <body>    <div class="top-banner-root">
      <span class="top-banner-title-font">Test results</span>
      <button id="button" class="button">Switch Retro Theme</button> <!-- button -->
      <br/>
      <span class="top-banner-font-1">1 suite, 10 failed tests</span>
    </div> <!-- top-banner-root -->
    <div class="navigator-root">
      <div class="navigator-suite-header">
        <span>All suites</span>
        <a href="#" title="Collapse/expand all the suites" class="collapse-all-link">
          <img src="collapseall.gif" class="collapse-all-icon">
          </img> <!-- collapse-all-icon -->
        </a> <!-- collapse-all-link -->
      </div> <!-- navigator-suite-header -->
      <div class="suite">
        <div class="rounded-window">
          <div class="suite-header light-rounded-window-top">
            <a href="#" panel-name="suite-Default_suite" class="navigator-link">
              <span class="suite-name border-failed">Default suite</span>
            </a> <!-- navigator-link -->
          </div> <!-- suite-header light-rounded-window-top -->
          <div class="navigator-suite-content">
            <div class="suite-section-title">
              <span>Info</span>
            </div> <!-- suite-section-title -->
            <div class="suite-section-content">
              <ul>
                <li>
                  <a href="#" panel-name="test-xml-Default_suite" class="navigator-link ">
                    <span>testng-customsuite.xml</span>
                  </a> <!-- navigator-link  -->
                </li>
                <li>
                  <a href="#" panel-name="testlist-Default_suite" class="navigator-link ">
                    <span class="test-stats">1 test</span>
                  </a> <!-- navigator-link  -->
                </li>
                <li>
                  <a href="#" panel-name="group-Default_suite" class="navigator-link ">
                    <span>1 group</span>
                  </a> <!-- navigator-link  -->
                </li>
                <li>
                  <a href="#" panel-name="times-Default_suite" class="navigator-link ">
                    <span>Times</span>
                  </a> <!-- navigator-link  -->
                </li>
                <li>
                  <a href="#" panel-name="reporter-Default_suite" class="navigator-link ">
                    <span>Reporter output</span>
                  </a> <!-- navigator-link  -->
                </li>
                <li>
                  <a href="#" panel-name="ignored-methods-Default_suite" class="navigator-link ">
                    <span>Ignored methods</span>
                  </a> <!-- navigator-link  -->
                </li>
                <li>
                  <a href="#" panel-name="chronological-Default_suite" class="navigator-link ">
                    <span>Chronological view</span>
                  </a> <!-- navigator-link  -->
                </li>
              </ul>
            </div> <!-- suite-section-content -->
            <div class="result-section">
              <div class="suite-section-title">
                <span>Results</span>
              </div> <!-- suite-section-title -->
              <div class="suite-section-content">
                <ul>
                  <li>
                    <span class="method-stats">10 methods, 10 failed,   </span>
                  </li>
                  <li>
                    <span class="method-list-title failed">Failed methods</span>
                    <span class="show-or-hide-methods failed">
                      <a href="#" panel-name="suite-Default_suite" class="hide-methods failed suite-Default_suite"> (hide)</a> <!-- hide-methods failed suite-Default_suite -->
                      <a href="#" panel-name="suite-Default_suite" class="show-methods failed suite-Default_suite"> (show)</a> <!-- show-methods failed suite-Default_suite -->
                    </span>
                    <div class="method-list-content failed suite-Default_suite">
                      <span>
                        <img src="failed.png" width="3%"/>
                        <a href="#" panel-name="suite-Default_suite" title="runner.TestRunner" class="method navigator-link" hash-for-method="runScenario(&quot;Verify that the homepage loads successfully.&quot;, &quot;Verify Homepage Load&quot;)">runScenario("Verify that the homepage loads successfully.", "Verify Homepage Load")</a> <!-- method navigator-link -->
                      </span>
                      <br/>
                      <span>
                        <img src="failed.png" width="3%"/>
                        <a href="#" panel-name="suite-Default_suite" title="runner.TestRunner" class="method navigator-link" hash-for-method="runScenario(&quot;Verify the search functionality with a valid product&quot;, &quot;Search Functionality&quot;)">runScenario("Verify the search functionality with a valid product", "Search Functionality")</a> <!-- method navigator-link -->
                      </span>
                      <br/>
                      <span>
                        <img src="failed.png" width="3%"/>
                        <a href="#" panel-name="suite-Default_suite" title="runner.TestRunner" class="method navigator-link" hash-for-method="runScenario(&quot;Verify product details in the wishlist.&quot;, &quot;Search Functionality&quot;)">runScenario("Verify product details in the wishlist.", "Search Functionality")</a> <!-- method navigator-link -->
                      </span>
                      <br/>
                      <span>
                        <img src="failed.png" width="3%"/>
                        <a href="#" panel-name="suite-Default_suite" title="runner.TestRunner" class="method navigator-link" hash-for-method="runScenario(&quot;Verify user can LOG OUT successfully&quot;, &quot;User Signup&quot;)">runScenario("Verify user can LOG OUT successfully", "User Signup")</a> <!-- method navigator-link -->
                      </span>
                      <br/>
                      <span>
                        <img src="failed.png" width="3%"/>
                        <a href="#" panel-name="suite-Default_suite" title="runner.TestRunner" class="method navigator-link" hash-for-method="runScenario(&quot;Verify that price filters work correctly.&quot;, &quot;Search Functionality&quot;)">runScenario("Verify that price filters work correctly.", "Search Functionality")</a> <!-- method navigator-link -->
                      </span>
                      <br/>
                      <span>
                        <img src="failed.png" width="3%"/>
                        <a href="#" panel-name="suite-Default_suite" title="runner.TestRunner" class="method navigator-link" hash-for-method="runScenario(&quot;Verify that a product can be added to the wishlist.&quot;, &quot;Search Functionality&quot;)">runScenario("Verify that a product can be added to the wishlist.", "Search Functionality")</a> <!-- method navigator-link -->
                      </span>
                      <br/>
                      <span>
                        <img src="failed.png" width="3%"/>
                        <a href="#" panel-name="suite-Default_suite" title="runner.TestRunner" class="method navigator-link" hash-for-method="runScenario(&quot;Verify user can sign up successfully&quot;, &quot;User Signup&quot;)">runScenario("Verify user can sign up successfully", "User Signup")</a> <!-- method navigator-link -->
                      </span>
                      <br/>
                      <span>
                        <img src="failed.png" width="3%"/>
                        <a href="#" panel-name="suite-Default_suite" title="runner.TestRunner" class="method navigator-link" hash-for-method="runScenario(&quot;Verify that the product details page opens.&quot;, &quot;Search Functionality&quot;)">runScenario("Verify that the product details page opens.", "Search Functionality")</a> <!-- method navigator-link -->
                      </span>
                      <br/>
                      <span>
                        <img src="failed.png" width="3%"/>
                        <a href="#" panel-name="suite-Default_suite" title="runner.TestRunner" class="method navigator-link" hash-for-method="runScenario(&quot;Verify product can be added to compare section.&quot;, &quot;Search Functionality&quot;)">runScenario("Verify product can be added to compare section.", "Search Functionality")</a> <!-- method navigator-link -->
                      </span>
                      <br/>
                      <span>
                        <img src="failed.png" width="3%"/>
                        <a href="#" panel-name="suite-Default_suite" title="runner.TestRunner" class="method navigator-link" hash-for-method="runScenario(&quot;Verify the functionality of footer links.&quot;, &quot;Footer functionality&quot;)">runScenario("Verify the functionality of footer links.", "Footer functionality")</a> <!-- method navigator-link -->
                      </span>
                      <br/>
                    </div> <!-- method-list-content failed suite-Default_suite -->
                  </li>
                </ul>
              </div> <!-- suite-section-content -->
            </div> <!-- result-section -->
          </div> <!-- navigator-suite-content -->
        </div> <!-- rounded-window -->
      </div> <!-- suite -->
    </div> <!-- navigator-root -->
    <div class="wrapper">
      <div class="main-panel-root">
        <div panel-name="suite-Default_suite" class="panel Default_suite">
          <div class="suite-Default_suite-class-failed">
            <div class="main-panel-header rounded-window-top">
              <img src="failed.png"/>
              <span class="class-name">runner.TestRunner</span>
            </div> <!-- main-panel-header rounded-window-top -->
            <div class="main-panel-content rounded-window-bottom">
              <div class="method">
                <div class="method-content">
                  <a name="runScenario(&quot;Verify that the homepage loads successfully.&quot;, &quot;Verify Homepage Load&quot;)">
                  </a> <!-- runScenario("Verify that the homepage loads successfully.", "Verify Homepage Load") -->
                  <span class="method-name">runScenario</span>
                  <span class="parameters">("Verify that the homepage loads successfully.","Verify Homepage Load")</span>
                  <div class="stack-trace">java.lang.AssertionError: expected [true] but found [false]
	at org.testng.Assert.fail(Assert.java:111)
	at org.testng.Assert.failNotEquals(Assert.java:1578)
	at org.testng.Assert.assertEqualsImpl(Assert.java:150)
	at org.testng.Assert.assertEquals(Assert.java:132)
	at org.testng.Assert.assertEquals(Assert.java:1067)
	at org.testng.Assert.assertEquals(Assert.java:1031)
	at org.testng.Assert.assertEquals(Assert.java:1077)
	at steps.HomePageStep.i_am_on_the_homepage_of_urban_ladder(HomePageStep.java:15)
	at ✽.I am on the homepage of Urban Ladder.(file:///Users/abhisheksharma/Documents/YAKSHA/Selenium%20Projects%20Rework/Urban%20Ladder%20(Cucumber)/Templet/VM-Java-UrbanLadder-Automation-L1-Selenium_Excel-Template/src/test/java/features/01_Homepage.feature:4)

</div> <!-- stack-trace -->
                  <em>
(Runs Cucumber Scenarios)                  </em>
                </div> <!-- method-content -->
              </div> <!-- method -->
              <div class="method">
                <div class="method-content">
                  <a name="runScenario(&quot;Verify the search functionality with a valid product&quot;, &quot;Search Functionality&quot;)">
                  </a> <!-- runScenario("Verify the search functionality with a valid product", "Search Functionality") -->
                  <span class="method-name">runScenario</span>
                  <span class="parameters">("Verify the search functionality with a valid product","Search Functionality")</span>
                  <div class="stack-trace">java.lang.AssertionError: expected [true] but found [false]
	at org.testng.Assert.fail(Assert.java:111)
	at org.testng.Assert.failNotEquals(Assert.java:1578)
	at org.testng.Assert.assertEqualsImpl(Assert.java:150)
	at org.testng.Assert.assertEquals(Assert.java:132)
	at org.testng.Assert.assertEquals(Assert.java:1067)
	at org.testng.Assert.assertEquals(Assert.java:1031)
	at org.testng.Assert.assertEquals(Assert.java:1077)
	at steps.HomePageStep.i_am_on_the_homepage_of_urban_ladder(HomePageStep.java:15)
	at ✽.I am on the homepage of Urban Ladder.(file:///Users/abhisheksharma/Documents/YAKSHA/Selenium%20Projects%20Rework/Urban%20Ladder%20(Cucumber)/Templet/VM-Java-UrbanLadder-Automation-L1-Selenium_Excel-Template/src/test/java/features/03_SearchPage.feature:11)

</div> <!-- stack-trace -->
                  <em>
(Runs Cucumber Scenarios)                  </em>
                </div> <!-- method-content -->
              </div> <!-- method -->
              <div class="method">
                <div class="method-content">
                  <a name="runScenario(&quot;Verify product details in the wishlist.&quot;, &quot;Search Functionality&quot;)">
                  </a> <!-- runScenario("Verify product details in the wishlist.", "Search Functionality") -->
                  <span class="method-name">runScenario</span>
                  <span class="parameters">("Verify product details in the wishlist.","Search Functionality")</span>
                  <div class="stack-trace">org.openqa.selenium.InvalidSelectorException: invalid selector
from javascript error: {&quot;status&quot;:32,&quot;value&quot;:&quot;An invalid or illegal selector was specified&quot;}
  (Session info: chrome=131.0.6778.86)
For documentation on this error, please visit: https://www.selenium.dev/documentation/webdriver/troubleshooting/errors#invalid-selector-exception
Build info: version: &apos;4.10.0&apos;, revision: &apos;c14d967899&apos;
System info: os.name: &apos;Mac OS X&apos;, os.arch: &apos;x86_64&apos;, os.version: &apos;14.5&apos;, java.version: &apos;22.0.1&apos;
Driver info: org.openqa.selenium.chrome.ChromeDriver
Command: [51150aa56ea8845f1f8c569e3190ed1b, findElement {using=css selector, value= }]
Capabilities {acceptInsecureCerts: false, browserName: chrome, browserVersion: 131.0.6778.86, chrome: {chromedriverVersion: 131.0.6778.85 (3d81e41b6f3a..., userDataDir: /var/folders/5y/7c_nbpk94jg...}, fedcm:accounts: true, goog:chromeOptions: {debuggerAddress: localhost:59932}, networkConnectionEnabled: false, pageLoadStrategy: normal, platformName: mac, proxy: Proxy(), se:cdp: ws://localhost:59932/devtoo..., se:cdpVersion: 131.0.6778.86, setWindowRect: true, strictFileInteractability: false, timeouts: {implicit: 0, pageLoad: 300000, script: 30000}, unhandledPromptBehavior: dismiss and notify, webauthn:extension:credBlob: true, webauthn:extension:largeBlob: true, webauthn:extension:minPinLength: true, webauthn:extension:prf: true, webauthn:virtualAuthenticators: true}
Session ID: 51150aa56ea8845f1f8c569e3190ed1b
	at java.base/jdk.internal.reflect.DirectConstructorHandleAccessor.newInstance(DirectConstructorHandleAccessor.java:62)
	at java.base/java.lang.reflect.Constructor.newInstanceWithCaller(Constructor.java:502)
	at java.base/java.lang.reflect.Constructor.newInstance(Constructor.java:486)
	at org.openqa.selenium.remote.codec.w3c.W3CHttpResponseCodec.createException(W3CHttpResponseCodec.java:199)
	at org.openqa.selenium.remote.codec.w3c.W3CHttpResponseCodec.decode(W3CHttpResponseCodec.java:132)
	at org.openqa.selenium.remote.codec.w3c.W3CHttpResponseCodec.decode(W3CHttpResponseCodec.java:51)
	at org.openqa.selenium.remote.HttpCommandExecutor.execute(HttpCommandExecutor.java:191)
	at org.openqa.selenium.remote.service.DriverCommandExecutor.invokeExecute(DriverCommandExecutor.java:196)
	at org.openqa.selenium.remote.service.DriverCommandExecutor.execute(DriverCommandExecutor.java:171)
	at org.openqa.selenium.remote.RemoteWebDriver.execute(RemoteWebDriver.java:531)
	at org.openqa.selenium.remote.ElementLocation$ElementFinder$2.findElement(ElementLocation.java:165)
	at org.openqa.selenium.remote.ElementLocation.findElement(ElementLocation.java:59)
	at org.openqa.selenium.remote.RemoteWebDriver.findElement(RemoteWebDriver.java:350)
	at org.openqa.selenium.remote.RemoteWebDriver.findElement(RemoteWebDriver.java:344)
	at pages.SearchPage.searchForProduct(SearchPage.java:34)
	at steps.SearchPageStep.i_search_for_from_search_bar(SearchPageStep.java:15)
	at ✽.I search for &quot;Table&quot; from search bar(file:///Users/abhisheksharma/Documents/YAKSHA/Selenium%20Projects%20Rework/Urban%20Ladder%20(Cucumber)/Templet/VM-Java-UrbanLadder-Automation-L1-Selenium_Excel-Template/src/test/java/features/03_SearchPage.feature:33)

</div> <!-- stack-trace -->
                  <em>
(Runs Cucumber Scenarios)                  </em>
                </div> <!-- method-content -->
              </div> <!-- method -->
              <div class="method">
                <div class="method-content">
                  <a name="runScenario(&quot;Verify user can LOG OUT successfully&quot;, &quot;User Signup&quot;)">
                  </a> <!-- runScenario("Verify user can LOG OUT successfully", "User Signup") -->
                  <span class="method-name">runScenario</span>
                  <span class="parameters">("Verify user can LOG OUT successfully","User Signup")</span>
                  <div class="stack-trace">java.lang.AssertionError: expected [true] but found [false]
	at org.testng.Assert.fail(Assert.java:111)
	at org.testng.Assert.failNotEquals(Assert.java:1578)
	at org.testng.Assert.assertEqualsImpl(Assert.java:150)
	at org.testng.Assert.assertEquals(Assert.java:132)
	at org.testng.Assert.assertEquals(Assert.java:1067)
	at org.testng.Assert.assertEquals(Assert.java:1031)
	at org.testng.Assert.assertEquals(Assert.java:1077)
	at steps.HomePageStep.i_am_on_the_homepage_of_urban_ladder(HomePageStep.java:15)
	at ✽.I am on the homepage of Urban Ladder.(file:///Users/abhisheksharma/Documents/YAKSHA/Selenium%20Projects%20Rework/Urban%20Ladder%20(Cucumber)/Templet/VM-Java-UrbanLadder-Automation-L1-Selenium_Excel-Template/src/test/java/features/02_SignUp.feature:15)

</div> <!-- stack-trace -->
                  <em>
(Runs Cucumber Scenarios)                  </em>
                </div> <!-- method-content -->
              </div> <!-- method -->
              <div class="method">
                <div class="method-content">
                  <a name="runScenario(&quot;Verify that price filters work correctly.&quot;, &quot;Search Functionality&quot;)">
                  </a> <!-- runScenario("Verify that price filters work correctly.", "Search Functionality") -->
                  <span class="method-name">runScenario</span>
                  <span class="parameters">("Verify that price filters work correctly.","Search Functionality")</span>
                  <div class="stack-trace">java.lang.AssertionError: expected [true] but found [false]
	at org.testng.Assert.fail(Assert.java:111)
	at org.testng.Assert.failNotEquals(Assert.java:1578)
	at org.testng.Assert.assertEqualsImpl(Assert.java:150)
	at org.testng.Assert.assertEquals(Assert.java:132)
	at org.testng.Assert.assertEquals(Assert.java:1067)
	at org.testng.Assert.assertEquals(Assert.java:1031)
	at org.testng.Assert.assertEquals(Assert.java:1077)
	at steps.HomePageStep.i_am_on_the_homepage_of_urban_ladder(HomePageStep.java:15)
	at ✽.I am on the homepage of Urban Ladder.(file:///Users/abhisheksharma/Documents/YAKSHA/Selenium%20Projects%20Rework/Urban%20Ladder%20(Cucumber)/Templet/VM-Java-UrbanLadder-Automation-L1-Selenium_Excel-Template/src/test/java/features/03_SearchPage.feature:27)

</div> <!-- stack-trace -->
                  <em>
(Runs Cucumber Scenarios)                  </em>
                </div> <!-- method-content -->
              </div> <!-- method -->
              <div class="method">
                <div class="method-content">
                  <a name="runScenario(&quot;Verify that a product can be added to the wishlist.&quot;, &quot;Search Functionality&quot;)">
                  </a> <!-- runScenario("Verify that a product can be added to the wishlist.", "Search Functionality") -->
                  <span class="method-name">runScenario</span>
                  <span class="parameters">("Verify that a product can be added to the wishlist.","Search Functionality")</span>
                  <div class="stack-trace">org.openqa.selenium.InvalidSelectorException: invalid selector
from javascript error: {&quot;status&quot;:32,&quot;value&quot;:&quot;An invalid or illegal selector was specified&quot;}
  (Session info: chrome=131.0.6778.86)
For documentation on this error, please visit: https://www.selenium.dev/documentation/webdriver/troubleshooting/errors#invalid-selector-exception
Build info: version: &apos;4.10.0&apos;, revision: &apos;c14d967899&apos;
System info: os.name: &apos;Mac OS X&apos;, os.arch: &apos;x86_64&apos;, os.version: &apos;14.5&apos;, java.version: &apos;22.0.1&apos;
Driver info: org.openqa.selenium.chrome.ChromeDriver
Command: [c6b2bbd60fb2fbe0d634467216b84524, findElement {using=css selector, value= }]
Capabilities {acceptInsecureCerts: false, browserName: chrome, browserVersion: 131.0.6778.86, chrome: {chromedriverVersion: 131.0.6778.85 (3d81e41b6f3a..., userDataDir: /var/folders/5y/7c_nbpk94jg...}, fedcm:accounts: true, goog:chromeOptions: {debuggerAddress: localhost:59788}, networkConnectionEnabled: false, pageLoadStrategy: normal, platformName: mac, proxy: Proxy(), se:cdp: ws://localhost:59788/devtoo..., se:cdpVersion: 131.0.6778.86, setWindowRect: true, strictFileInteractability: false, timeouts: {implicit: 0, pageLoad: 300000, script: 30000}, unhandledPromptBehavior: dismiss and notify, webauthn:extension:credBlob: true, webauthn:extension:largeBlob: true, webauthn:extension:minPinLength: true, webauthn:extension:prf: true, webauthn:virtualAuthenticators: true}
Session ID: c6b2bbd60fb2fbe0d634467216b84524
	at java.base/jdk.internal.reflect.DirectConstructorHandleAccessor.newInstance(DirectConstructorHandleAccessor.java:62)
	at java.base/java.lang.reflect.Constructor.newInstanceWithCaller(Constructor.java:502)
	at java.base/java.lang.reflect.Constructor.newInstance(Constructor.java:486)
	at org.openqa.selenium.remote.codec.w3c.W3CHttpResponseCodec.createException(W3CHttpResponseCodec.java:199)
	at org.openqa.selenium.remote.codec.w3c.W3CHttpResponseCodec.decode(W3CHttpResponseCodec.java:132)
	at org.openqa.selenium.remote.codec.w3c.W3CHttpResponseCodec.decode(W3CHttpResponseCodec.java:51)
	at org.openqa.selenium.remote.HttpCommandExecutor.execute(HttpCommandExecutor.java:191)
	at org.openqa.selenium.remote.service.DriverCommandExecutor.invokeExecute(DriverCommandExecutor.java:196)
	at org.openqa.selenium.remote.service.DriverCommandExecutor.execute(DriverCommandExecutor.java:171)
	at org.openqa.selenium.remote.RemoteWebDriver.execute(RemoteWebDriver.java:531)
	at org.openqa.selenium.remote.ElementLocation$ElementFinder$2.findElement(ElementLocation.java:165)
	at org.openqa.selenium.remote.ElementLocation.findElement(ElementLocation.java:59)
	at org.openqa.selenium.remote.RemoteWebDriver.findElement(RemoteWebDriver.java:350)
	at org.openqa.selenium.remote.RemoteWebDriver.findElement(RemoteWebDriver.java:344)
	at pages.SearchPage.searchForProduct(SearchPage.java:34)
	at steps.SearchPageStep.i_search_for_from_search_bar(SearchPageStep.java:15)
	at ✽.I search for &quot;Table&quot; from search bar(file:///Users/abhisheksharma/Documents/YAKSHA/Selenium%20Projects%20Rework/Urban%20Ladder%20(Cucumber)/Templet/VM-Java-UrbanLadder-Automation-L1-Selenium_Excel-Template/src/test/java/features/03_SearchPage.feature:16)

</div> <!-- stack-trace -->
                  <em>
(Runs Cucumber Scenarios)                  </em>
                </div> <!-- method-content -->
              </div> <!-- method -->
              <div class="method">
                <div class="method-content">
                  <a name="runScenario(&quot;Verify user can sign up successfully&quot;, &quot;User Signup&quot;)">
                  </a> <!-- runScenario("Verify user can sign up successfully", "User Signup") -->
                  <span class="method-name">runScenario</span>
                  <span class="parameters">("Verify user can sign up successfully","User Signup")</span>
                  <div class="stack-trace">java.lang.AssertionError: expected [true] but found [false]
	at org.testng.Assert.fail(Assert.java:111)
	at org.testng.Assert.failNotEquals(Assert.java:1578)
	at org.testng.Assert.assertEqualsImpl(Assert.java:150)
	at org.testng.Assert.assertEquals(Assert.java:132)
	at org.testng.Assert.assertEquals(Assert.java:1067)
	at org.testng.Assert.assertEquals(Assert.java:1031)
	at org.testng.Assert.assertEquals(Assert.java:1077)
	at steps.HomePageStep.i_am_on_the_homepage_of_urban_ladder(HomePageStep.java:15)
	at ✽.I am on the homepage of Urban Ladder.(file:///Users/abhisheksharma/Documents/YAKSHA/Selenium%20Projects%20Rework/Urban%20Ladder%20(Cucumber)/Templet/VM-Java-UrbanLadder-Automation-L1-Selenium_Excel-Template/src/test/java/features/02_SignUp.feature:8)

</div> <!-- stack-trace -->
                  <em>
(Runs Cucumber Scenarios)                  </em>
                </div> <!-- method-content -->
              </div> <!-- method -->
              <div class="method">
                <div class="method-content">
                  <a name="runScenario(&quot;Verify that the product details page opens.&quot;, &quot;Search Functionality&quot;)">
                  </a> <!-- runScenario("Verify that the product details page opens.", "Search Functionality") -->
                  <span class="method-name">runScenario</span>
                  <span class="parameters">("Verify that the product details page opens.","Search Functionality")</span>
                  <div class="stack-trace">java.lang.AssertionError: expected [true] but found [false]
	at org.testng.Assert.fail(Assert.java:111)
	at org.testng.Assert.failNotEquals(Assert.java:1578)
	at org.testng.Assert.assertEqualsImpl(Assert.java:150)
	at org.testng.Assert.assertEquals(Assert.java:132)
	at org.testng.Assert.assertEquals(Assert.java:1067)
	at org.testng.Assert.assertEquals(Assert.java:1031)
	at org.testng.Assert.assertEquals(Assert.java:1077)
	at steps.HomePageStep.i_am_on_the_homepage_of_urban_ladder(HomePageStep.java:15)
	at ✽.I am on the homepage of Urban Ladder.(file:///Users/abhisheksharma/Documents/YAKSHA/Selenium%20Projects%20Rework/Urban%20Ladder%20(Cucumber)/Templet/VM-Java-UrbanLadder-Automation-L1-Selenium_Excel-Template/src/test/java/features/03_SearchPage.feature:21)

</div> <!-- stack-trace -->
                  <em>
(Runs Cucumber Scenarios)                  </em>
                </div> <!-- method-content -->
              </div> <!-- method -->
              <div class="method">
                <div class="method-content">
                  <a name="runScenario(&quot;Verify product can be added to compare section.&quot;, &quot;Search Functionality&quot;)">
                  </a> <!-- runScenario("Verify product can be added to compare section.", "Search Functionality") -->
                  <span class="method-name">runScenario</span>
                  <span class="parameters">("Verify product can be added to compare section.","Search Functionality")</span>
                  <div class="stack-trace">org.openqa.selenium.InvalidSelectorException: invalid selector
from javascript error: {&quot;status&quot;:32,&quot;value&quot;:&quot;An invalid or illegal selector was specified&quot;}
  (Session info: chrome=131.0.6778.86)
For documentation on this error, please visit: https://www.selenium.dev/documentation/webdriver/troubleshooting/errors#invalid-selector-exception
Build info: version: &apos;4.10.0&apos;, revision: &apos;c14d967899&apos;
System info: os.name: &apos;Mac OS X&apos;, os.arch: &apos;x86_64&apos;, os.version: &apos;14.5&apos;, java.version: &apos;22.0.1&apos;
Driver info: org.openqa.selenium.chrome.ChromeDriver
Command: [559f07665df569b4c525c3ea6383263a, findElement {using=css selector, value= }]
Capabilities {acceptInsecureCerts: false, browserName: chrome, browserVersion: 131.0.6778.86, chrome: {chromedriverVersion: 131.0.6778.85 (3d81e41b6f3a..., userDataDir: /var/folders/5y/7c_nbpk94jg...}, fedcm:accounts: true, goog:chromeOptions: {debuggerAddress: localhost:59989}, networkConnectionEnabled: false, pageLoadStrategy: normal, platformName: mac, proxy: Proxy(), se:cdp: ws://localhost:59989/devtoo..., se:cdpVersion: 131.0.6778.86, setWindowRect: true, strictFileInteractability: false, timeouts: {implicit: 0, pageLoad: 300000, script: 30000}, unhandledPromptBehavior: dismiss and notify, webauthn:extension:credBlob: true, webauthn:extension:largeBlob: true, webauthn:extension:minPinLength: true, webauthn:extension:prf: true, webauthn:virtualAuthenticators: true}
Session ID: 559f07665df569b4c525c3ea6383263a
	at java.base/jdk.internal.reflect.DirectConstructorHandleAccessor.newInstance(DirectConstructorHandleAccessor.java:62)
	at java.base/java.lang.reflect.Constructor.newInstanceWithCaller(Constructor.java:502)
	at java.base/java.lang.reflect.Constructor.newInstance(Constructor.java:486)
	at org.openqa.selenium.remote.codec.w3c.W3CHttpResponseCodec.createException(W3CHttpResponseCodec.java:199)
	at org.openqa.selenium.remote.codec.w3c.W3CHttpResponseCodec.decode(W3CHttpResponseCodec.java:132)
	at org.openqa.selenium.remote.codec.w3c.W3CHttpResponseCodec.decode(W3CHttpResponseCodec.java:51)
	at org.openqa.selenium.remote.HttpCommandExecutor.execute(HttpCommandExecutor.java:191)
	at org.openqa.selenium.remote.service.DriverCommandExecutor.invokeExecute(DriverCommandExecutor.java:196)
	at org.openqa.selenium.remote.service.DriverCommandExecutor.execute(DriverCommandExecutor.java:171)
	at org.openqa.selenium.remote.RemoteWebDriver.execute(RemoteWebDriver.java:531)
	at org.openqa.selenium.remote.ElementLocation$ElementFinder$2.findElement(ElementLocation.java:165)
	at org.openqa.selenium.remote.ElementLocation.findElement(ElementLocation.java:59)
	at org.openqa.selenium.remote.RemoteWebDriver.findElement(RemoteWebDriver.java:350)
	at org.openqa.selenium.remote.RemoteWebDriver.findElement(RemoteWebDriver.java:344)
	at pages.SearchPage.searchForProduct(SearchPage.java:34)
	at steps.SearchPageStep.i_search_for_from_search_bar(SearchPageStep.java:15)
	at ✽.I search for &quot;Dining&quot; from search bar(file:///Users/abhisheksharma/Documents/YAKSHA/Selenium%20Projects%20Rework/Urban%20Ladder%20(Cucumber)/Templet/VM-Java-UrbanLadder-Automation-L1-Selenium_Excel-Template/src/test/java/features/03_SearchPage.feature:38)

</div> <!-- stack-trace -->
                  <em>
(Runs Cucumber Scenarios)                  </em>
                </div> <!-- method-content -->
              </div> <!-- method -->
              <div class="method">
                <div class="method-content">
                  <a name="runScenario(&quot;Verify the functionality of footer links.&quot;, &quot;Footer functionality&quot;)">
                  </a> <!-- runScenario("Verify the functionality of footer links.", "Footer functionality") -->
                  <span class="method-name">runScenario</span>
                  <span class="parameters">("Verify the functionality of footer links.","Footer functionality")</span>
                  <div class="stack-trace">java.lang.AssertionError: expected [true] but found [false]
	at org.testng.Assert.fail(Assert.java:111)
	at org.testng.Assert.failNotEquals(Assert.java:1578)
	at org.testng.Assert.assertEqualsImpl(Assert.java:150)
	at org.testng.Assert.assertEquals(Assert.java:132)
	at org.testng.Assert.assertEquals(Assert.java:1067)
	at org.testng.Assert.assertEquals(Assert.java:1031)
	at org.testng.Assert.assertEquals(Assert.java:1077)
	at steps.HomePageStep.i_am_on_the_homepage_of_urban_ladder(HomePageStep.java:15)
	at ✽.I am on the homepage of Urban Ladder.(file:///Users/abhisheksharma/Documents/YAKSHA/Selenium%20Projects%20Rework/Urban%20Ladder%20(Cucumber)/Templet/VM-Java-UrbanLadder-Automation-L1-Selenium_Excel-Template/src/test/java/features/04_FooterLinks.feature:4)

</div> <!-- stack-trace -->
                  <em>
(Runs Cucumber Scenarios)                  </em>
                </div> <!-- method-content -->
              </div> <!-- method -->
            </div> <!-- main-panel-content rounded-window-bottom -->
          </div> <!-- suite-Default_suite-class-failed -->
        </div> <!-- panel Default_suite -->
        <div panel-name="test-xml-Default_suite" class="panel">
          <div class="main-panel-header rounded-window-top">
            <span class="header-content">/private/var/folders/5y/7c_nbpk94jg2zzzmm3x54_l80000gn/T/testng-eclipse-1539380695/testng-customsuite.xml</span>
          </div> <!-- main-panel-header rounded-window-top -->
          <div class="main-panel-content rounded-window-bottom">
            <pre>
&lt;?xml version=&quot;1.0&quot; encoding=&quot;UTF-8&quot;?&gt;
&lt;!DOCTYPE suite SYSTEM &quot;https://testng.org/testng-1.0.dtd&quot;&gt;
&lt;suite name=&quot;Default suite&quot; guice-stage=&quot;DEVELOPMENT&quot;&gt;
  &lt;test thread-count=&quot;5&quot; name=&quot;Default test&quot; verbose=&quot;2&quot;&gt;
    &lt;classes&gt;
      &lt;class name=&quot;runner.TestRunner&quot;/&gt;
    &lt;/classes&gt;
  &lt;/test&gt; &lt;!-- Default test --&gt;
&lt;/suite&gt; &lt;!-- Default suite --&gt;
            </pre>
          </div> <!-- main-panel-content rounded-window-bottom -->
        </div> <!-- panel -->
        <div panel-name="testlist-Default_suite" class="panel">
          <div class="main-panel-header rounded-window-top">
            <span class="header-content">Tests for Default suite</span>
          </div> <!-- main-panel-header rounded-window-top -->
          <div class="main-panel-content rounded-window-bottom">
            <ul>
              <li>
                <span class="test-name">Default test (1 class)</span>
              </li>
            </ul>
          </div> <!-- main-panel-content rounded-window-bottom -->
        </div> <!-- panel -->
        <div panel-name="group-Default_suite" class="panel">
          <div class="main-panel-header rounded-window-top">
            <span class="header-content">Groups for Default suite</span>
          </div> <!-- main-panel-header rounded-window-top -->
          <div class="main-panel-content rounded-window-bottom">
            <div class="test-group">
              <span class="test-group-name">cucumber</span>
              <br/>
              <div class="method-in-group">
                <span class="method-in-group-name">runScenario</span>
                <br/>
              </div> <!-- method-in-group -->
            </div> <!-- test-group -->
          </div> <!-- main-panel-content rounded-window-bottom -->
        </div> <!-- panel -->
        <div panel-name="times-Default_suite" class="panel">
          <div class="main-panel-header rounded-window-top">
            <span class="header-content">Times for Default suite</span>
          </div> <!-- main-panel-header rounded-window-top -->
          <div class="main-panel-content rounded-window-bottom">
            <div class="times-div">
              <script type="text/javascript">
suiteTableInitFunctions.push('tableData_Default_suite');
function tableData_Default_suite() {
var data = new google.visualization.DataTable();
data.addColumn('number', 'Number');
data.addColumn('string', 'Method');
data.addColumn('string', 'Class');
data.addColumn('number', 'Time (ms)');
data.addRows(10);
data.setCell(0, 0, 0)
data.setCell(0, 1, 'runScenario')
data.setCell(0, 2, 'runner.TestRunner')
data.setCell(0, 3, 39458);
data.setCell(1, 0, 1)
data.setCell(1, 1, 'runScenario')
data.setCell(1, 2, 'runner.TestRunner')
data.setCell(1, 3, 34554);
data.setCell(2, 0, 2)
data.setCell(2, 1, 'runScenario')
data.setCell(2, 2, 'runner.TestRunner')
data.setCell(2, 3, 33981);
data.setCell(3, 0, 3)
data.setCell(3, 1, 'runScenario')
data.setCell(3, 2, 'runner.TestRunner')
data.setCell(3, 3, 23823);
data.setCell(4, 0, 4)
data.setCell(4, 1, 'runScenario')
data.setCell(4, 2, 'runner.TestRunner')
data.setCell(4, 3, 15845);
data.setCell(5, 0, 5)
data.setCell(5, 1, 'runScenario')
data.setCell(5, 2, 'runner.TestRunner')
data.setCell(5, 3, 15244);
data.setCell(6, 0, 6)
data.setCell(6, 1, 'runScenario')
data.setCell(6, 2, 'runner.TestRunner')
data.setCell(6, 3, 14885);
data.setCell(7, 0, 7)
data.setCell(7, 1, 'runScenario')
data.setCell(7, 2, 'runner.TestRunner')
data.setCell(7, 3, 14347);
data.setCell(8, 0, 8)
data.setCell(8, 1, 'runScenario')
data.setCell(8, 2, 'runner.TestRunner')
data.setCell(8, 3, 13674);
data.setCell(9, 0, 9)
data.setCell(9, 1, 'runScenario')
data.setCell(9, 2, 'runner.TestRunner')
data.setCell(9, 3, 13169);
window.suiteTableData['Default_suite']= { tableData: data, tableDiv: 'times-div-Default_suite'}
return data;
}
              </script>
              <span class="suite-total-time">Total running time: 3 minutes</span>
              <div id="times-div-Default_suite">
              </div> <!-- times-div-Default_suite -->
            </div> <!-- times-div -->
          </div> <!-- main-panel-content rounded-window-bottom -->
        </div> <!-- panel -->
        <div panel-name="reporter-Default_suite" class="panel">
          <div class="main-panel-header rounded-window-top">
            <span class="header-content">Reporter output for Default suite</span>
          </div> <!-- main-panel-header rounded-window-top -->
          <div class="main-panel-content rounded-window-bottom">
          </div> <!-- main-panel-content rounded-window-bottom -->
        </div> <!-- panel -->
        <div panel-name="ignored-methods-Default_suite" class="panel">
          <div class="main-panel-header rounded-window-top">
            <span class="header-content">0 ignored methods</span>
          </div> <!-- main-panel-header rounded-window-top -->
          <div class="main-panel-content rounded-window-bottom">
          </div> <!-- main-panel-content rounded-window-bottom -->
        </div> <!-- panel -->
        <div panel-name="chronological-Default_suite" class="panel">
          <div class="main-panel-header rounded-window-top">
            <span class="header-content">Methods in chronological order</span>
          </div> <!-- main-panel-header rounded-window-top -->
          <div class="main-panel-content rounded-window-bottom">
            <div class="chronological-class">
              <div class="chronological-class-name">runner.TestRunner</div> <!-- chronological-class-name -->
              <div class="configuration-class before">
                <span class="method-name">setUpClass(org.testng.TestRunner@61fa3583)</span>
                <span class="method-start">0 ms</span>
              </div> <!-- configuration-class before -->
              <div class="test-method">
                <img src="failed.png">
                </img>
                <span class="method-name">runScenario("Verify that the homepage loads successfully.", "Verify Homepage Load")</span>
                <span class="method-start">935 ms</span>
              </div> <!-- test-method -->
              <div class="test-method">
                <img src="failed.png">
                </img>
                <span class="method-name">runScenario("Verify user can sign up successfully", "User Signup")</span>
                <span class="method-start">24774 ms</span>
              </div> <!-- test-method -->
              <div class="test-method">
                <img src="failed.png">
                </img>
                <span class="method-name">runScenario("Verify user can LOG OUT successfully", "User Signup")</span>
                <span class="method-start">40636 ms</span>
              </div> <!-- test-method -->
              <div class="test-method">
                <img src="failed.png">
                </img>
                <span class="method-name">runScenario("Verify the search functionality with a valid product", "Search Functionality")</span>
                <span class="method-start">54997 ms</span>
              </div> <!-- test-method -->
              <div class="test-method">
                <img src="failed.png">
                </img>
                <span class="method-name">runScenario("Verify that a product can be added to the wishlist.", "Search Functionality")</span>
                <span class="method-start">69888 ms</span>
              </div> <!-- test-method -->
              <div class="test-method">
                <img src="failed.png">
                </img>
                <span class="method-name">runScenario("Verify that the product details page opens.", "Search Functionality")</span>
                <span class="method-start">109353 ms</span>
              </div> <!-- test-method -->
              <div class="test-method">
                <img src="failed.png">
                </img>
                <span class="method-name">runScenario("Verify that price filters work correctly.", "Search Functionality")</span>
                <span class="method-start">124604 ms</span>
              </div> <!-- test-method -->
              <div class="test-method">
                <img src="failed.png">
                </img>
                <span class="method-name">runScenario("Verify product details in the wishlist.", "Search Functionality")</span>
                <span class="method-start">137794 ms</span>
              </div> <!-- test-method -->
              <div class="test-method">
                <img src="failed.png">
                </img>
                <span class="method-name">runScenario("Verify product can be added to compare section.", "Search Functionality")</span>
                <span class="method-start">171782 ms</span>
              </div> <!-- test-method -->
              <div class="test-method">
                <img src="failed.png">
                </img>
                <span class="method-name">runScenario("Verify the functionality of footer links.", "Footer functionality")</span>
                <span class="method-start">206341 ms</span>
              </div> <!-- test-method -->
              <div class="configuration-class after">
                <span class="method-name">tearDownClass</span>
                <span class="method-start">220053 ms</span>
              </div> <!-- configuration-class after -->
          </div> <!-- main-panel-content rounded-window-bottom -->
        </div> <!-- panel -->
      </div> <!-- main-panel-root -->
    </div> <!-- wrapper -->
  </body>
<script type="text/javascript" src="testng-reports2.js"></script>
</html>
